<?xml version="1.0" encoding="UTF-8"?>
<!-- Generated by org.testng.reporters.JUnitXMLReporter -->
<testsuite ignored="0" hostname="LAPTOP-33DHK76K" failures="0" tests="2" name="Default test" time="26.425" errors="0" timestamp="2021-10-24T20:47:10 IST">
  <testcase classname="com.testingshastra.uitests.HomePageTests2" name="printAllInfoLinks" time="0.313"/>
  <testcase classname="com.testingshastra.uitests.HomePageTests2" name="verifyIfUserRedirectsToJoinMeetingPage" time="1.505"/>
</testsuite> <!-- Default test -->
