<?xml version="1.0" encoding="UTF-8"?>
<!-- Generated by org.testng.reporters.JUnitXMLReporter -->
<testsuite ignored="0" hostname="LAPTOP-33DHK76K" failures="0" tests="2" name="Test" time="21.283" errors="0" timestamp="2021-10-20T16:48:19 IST">
  <testcase classname="com.testingshastra.uitests.SignupPageTests" name="validateFullNameFieldForCorrectInput" time="6.574"/>
  <testcase classname="com.testingshastra.uitests.homepagetests.HomePageTests" name="toVerifyHomepageTitle" time="6.633"/>
</testsuite> <!-- Test -->
