<?xml version="1.0" encoding="UTF-8"?>
<testng-results ignored="0" total="2" passed="2" failed="0" skipped="0">
  <reporter-output>
  </reporter-output>
  <suite started-at="2021-10-24T20:46:44 IST" name="Default suite" finished-at="2021-10-24T20:47:10 IST" duration-ms="26425">
    <groups>
    </groups>
    <test started-at="2021-10-24T20:46:44 IST" name="Default test" finished-at="2021-10-24T20:47:10 IST" duration-ms="26425">
      <class name="com.testingshastra.uitests.HomePageTests2">
        <test-method is-config="true" signature="setUp()[pri:0, instance:com.testingshastra.uitests.HomePageTests2@659499f1]" started-at="2021-10-24T20:46:44 IST" name="setUp" finished-at="2021-10-24T20:46:59 IST" duration-ms="14949" status="PASS">
          <reporter-output>
          </reporter-output>
        </test-method> <!-- setUp -->
        <test-method signature="printAllInfoLinks()[pri:0, instance:com.testingshastra.uitests.HomePageTests2@659499f1]" started-at="2021-10-24T20:46:59 IST" name="printAllInfoLinks" finished-at="2021-10-24T20:46:59 IST" duration-ms="313" status="PASS">
          <reporter-output>
          </reporter-output>
        </test-method> <!-- printAllInfoLinks -->
        <test-method is-config="true" signature="tearDown()[pri:0, instance:com.testingshastra.uitests.HomePageTests2@659499f1]" started-at="2021-10-24T20:46:59 IST" name="tearDown" finished-at="2021-10-24T20:47:01 IST" duration-ms="1376" status="PASS">
          <reporter-output>
          </reporter-output>
        </test-method> <!-- tearDown -->
        <test-method is-config="true" signature="setUp()[pri:0, instance:com.testingshastra.uitests.HomePageTests2@659499f1]" started-at="2021-10-24T20:47:01 IST" name="setUp" finished-at="2021-10-24T20:47:08 IST" duration-ms="7158" status="PASS">
          <reporter-output>
          </reporter-output>
        </test-method> <!-- setUp -->
        <test-method signature="verifyIfUserRedirectsToJoinMeetingPage()[pri:0, instance:com.testingshastra.uitests.HomePageTests2@659499f1]" started-at="2021-10-24T20:47:08 IST" name="verifyIfUserRedirectsToJoinMeetingPage" finished-at="2021-10-24T20:47:09 IST" duration-ms="1505" status="PASS">
          <reporter-output>
          </reporter-output>
        </test-method> <!-- verifyIfUserRedirectsToJoinMeetingPage -->
        <test-method is-config="true" signature="tearDown()[pri:0, instance:com.testingshastra.uitests.HomePageTests2@659499f1]" started-at="2021-10-24T20:47:09 IST" name="tearDown" finished-at="2021-10-24T20:47:10 IST" duration-ms="958" status="PASS">
          <reporter-output>
          </reporter-output>
        </test-method> <!-- tearDown -->
      </class> <!-- com.testingshastra.uitests.HomePageTests2 -->
    </test> <!-- Default test -->
  </suite> <!-- Default suite -->
</testng-results>
